Using pre-set license
Built from '2021.3/staging' branch; Version is '2021.3.5f1 (40eb3a945986) revision 4254522'; Using compiler version '192829333'; Build Type 'Release'
OS: 'Windows 10  (10.0.19044) 64bit Core' Language: 'en' Physical Memory: 12087 MB
BatchMode: 1, IsHumanControllingUs: 0, StartBugReporterOnCrash: 0, Is64bit: 1, IsPro: 1

COMMAND LINE ARGUMENTS:
C:\Program Files\Unity\Hub\Editor\2021.3.5f1\Editor\Unity.exe
-adb2
-batchMode
-noUpm
-name
AssetImportWorker0
-projectPath
C:/Users/jigna/Coderhouse/Clase 1
-logFile
Logs/AssetImportWorker0.log
-srvPort
56524
Successfully changed project path to: C:/Users/jigna/Coderhouse/Clase 1
C:/Users/jigna/Coderhouse/Clase 1
[UnityMemory] Configuration Parameters - Can be set up in boot.config
    "memorysetup-bucket-allocator-granularity=16"
    "memorysetup-bucket-allocator-bucket-count=8"
    "memorysetup-bucket-allocator-block-size=33554432"
    "memorysetup-bucket-allocator-block-count=8"
    "memorysetup-main-allocator-block-size=16777216"
    "memorysetup-thread-allocator-block-size=16777216"
    "memorysetup-gfx-main-allocator-block-size=16777216"
    "memorysetup-gfx-thread-allocator-block-size=16777216"
    "memorysetup-cache-allocator-block-size=4194304"
    "memorysetup-typetree-allocator-block-size=2097152"
    "memorysetup-profiler-bucket-allocator-granularity=16"
    "memorysetup-profiler-bucket-allocator-bucket-count=8"
    "memorysetup-profiler-bucket-allocator-block-size=33554432"
    "memorysetup-profiler-bucket-allocator-block-count=8"
    "memorysetup-profiler-allocator-block-size=16777216"
    "memorysetup-profiler-editor-allocator-block-size=1048576"
    "memorysetup-temp-allocator-size-main=16777216"
    "memorysetup-job-temp-allocator-block-size=2097152"
    "memorysetup-job-temp-allocator-block-size-background=1048576"
    "memorysetup-job-temp-allocator-reduction-small-platforms=262144"
    "memorysetup-temp-allocator-size-background-worker=32768"
    "memorysetup-temp-allocator-size-job-worker=262144"
    "memorysetup-temp-allocator-size-preload-manager=33554432"
    "memorysetup-temp-allocator-size-nav-mesh-worker=65536"
    "memorysetup-temp-allocator-size-audio-worker=65536"
    "memorysetup-temp-allocator-size-cloud-worker=32768"
    "memorysetup-temp-allocator-size-gi-baking-worker=262144"
    "memorysetup-temp-allocator-size-gfx=262144"
Refreshing native plugins compatible for Editor in 109.76 ms, found 3 plugins.
Preloading 0 native plugins for Editor in 0.00 ms.
Initialize engine version: 2021.3.5f1 (40eb3a945986)
[Subsystems] Discovering subsystems at path C:/Program Files/Unity/Hub/Editor/2021.3.5f1/Editor/Data/Resources/UnitySubsystems
[Subsystems] Discovering subsystems at path C:/Users/jigna/Coderhouse/Clase 1/Assets
GfxDevice: creating device client; threaded=0; jobified=0
Direct3D:
    Version:  Direct3D 11.0 [level 11.1]
    Renderer: Intel(R) Iris(R) Xe Graphics (ID=0x9a49)
    Vendor:   Intel
    VRAM:     6043 MB
    Driver:   27.20.100.9415
Initialize mono
Mono path[0] = 'C:/Program Files/Unity/Hub/Editor/2021.3.5f1/Editor/Data/Managed'
Mono path[1] = 'C:/Program Files/Unity/Hub/Editor/2021.3.5f1/Editor/Data/MonoBleedingEdge/lib/mono/unityjit-win32'
Mono config path = 'C:/Program Files/Unity/Hub/Editor/2021.3.5f1/Editor/Data/MonoBleedingEdge/etc'
Using monoOptions --debugger-agent=transport=dt_socket,embedding=1,server=y,suspend=n,address=127.0.0.1:56152
Begin MonoManager ReloadAssembly
Registering precompiled unity dll's ...
Register platform support module: C:/Program Files/Unity/Hub/Editor/2021.3.5f1/Editor/Data/PlaybackEngines/WebGLSupport/UnityEditor.WebGL.Extensions.dll
Register platform support module: C:/Program Files/Unity/Hub/Editor/2021.3.5f1/Editor/Data/PlaybackEngines/WindowsStandaloneSupport/UnityEditor.WindowsStandalone.Extensions.dll
Registered in 0.007050 seconds.
Native extension for WindowsStandalone target not found
Native extension for WebGL target not found
Refreshing native plugins compatible for Editor in 137.24 ms, found 3 plugins.
Preloading 0 native plugins for Editor in 0.00 ms.
Mono: successfully reloaded assembly
- Completed reload, in  1.042 seconds
Domain Reload Profiling:
	ReloadAssembly (1043ms)
		BeginReloadAssembly (108ms)
			ExecutionOrderSort (0ms)
			DisableScriptedObjects (0ms)
			BackupInstance (0ms)
			ReleaseScriptingObjects (0ms)
			CreateAndSetChildDomain (1ms)
		EndReloadAssembly (748ms)
			LoadAssemblies (105ms)
			RebuildTransferFunctionScriptingTraits (0ms)
			SetupTypeCache (205ms)
			ReleaseScriptCaches (0ms)
			RebuildScriptCaches (42ms)
			SetupLoadedEditorAssemblies (431ms)
				LogAssemblyErrors (0ms)
				InitializePlatformSupportModulesInManaged (14ms)
				SetLoadedEditorAssemblies (0ms)
				RefreshPlugins (137ms)
				BeforeProcessingInitializeOnLoad (2ms)
				ProcessInitializeOnLoadAttributes (213ms)
				ProcessInitializeOnLoadMethodAttributes (64ms)
				AfterProcessingInitializeOnLoad (0ms)
				EditorAssembliesLoaded (0ms)
			ExecutionOrderSort2 (0ms)
			AwakeInstancesAfterBackupRestoration (0ms)
Platform modules already initialized, skipping
Registering precompiled user dll's ...
Registered in 0.009747 seconds.
Begin MonoManager ReloadAssembly
Symbol file LoadedFromMemory doesn't match image C:\Users\jigna\Coderhouse\Clase 1\Library\PackageCache\com.unity.visualscripting@1.7.8\Editor\VisualScripting.Core\Dependencies\YamlDotNet\Unity.VisualScripting.YamlDotNet.dll
Symbol file LoadedFromMemory doesn't match image C:\Users\jigna\Coderhouse\Clase 1\Library\PackageCache\com.unity.visualscripting@1.7.8\Editor\VisualScripting.Core\Dependencies\DotNetZip\Unity.VisualScripting.IonicZip.dll
Native extension for WindowsStandalone target not found
Native extension for WebGL target not found
Refreshing native plugins compatible for Editor in 1.03 ms, found 3 plugins.
Preloading 0 native plugins for Editor in 0.00 ms.
Mono: successfully reloaded assembly
- Completed reload, in  1.663 seconds
Domain Reload Profiling:
	ReloadAssembly (1664ms)
		BeginReloadAssembly (195ms)
			ExecutionOrderSort (0ms)
			DisableScriptedObjects (5ms)
			BackupInstance (0ms)
			ReleaseScriptingObjects (0ms)
			CreateAndSetChildDomain (35ms)
		EndReloadAssembly (1257ms)
			LoadAssemblies (154ms)
			RebuildTransferFunctionScriptingTraits (0ms)
			SetupTypeCache (398ms)
			ReleaseScriptCaches (1ms)
			RebuildScriptCaches (84ms)
			SetupLoadedEditorAssemblies (605ms)
				LogAssemblyErrors (0ms)
				InitializePlatformSupportModulesInManaged (13ms)
				SetLoadedEditorAssemblies (1ms)
				RefreshPlugins (1ms)
				BeforeProcessingInitializeOnLoad (158ms)
				ProcessInitializeOnLoadAttributes (398ms)
				ProcessInitializeOnLoadMethodAttributes (26ms)
				AfterProcessingInitializeOnLoad (8ms)
				EditorAssembliesLoaded (0ms)
			ExecutionOrderSort2 (0ms)
			AwakeInstancesAfterBackupRestoration (5ms)
Platform modules already initialized, skipping
========================================================================
Worker process is ready to serve import requests
Launched and connected shader compiler UnityShaderCompiler.exe after 0.06 seconds
Refreshing native plugins compatible for Editor in 0.84 ms, found 3 plugins.
Preloading 0 native plugins for Editor in 0.00 ms.
Unloading 3532 Unused Serialized files (Serialized files now loaded: 0)
Unloading 41 unused Assets / (182.1 KB). Loaded Objects now: 4006.
Memory consumption went from 134.8 MB to 134.6 MB.
Total: 4.094500 ms (FindLiveObjects: 0.359500 ms CreateObjectMapping: 0.194800 ms MarkObjects: 3.367000 ms  DeleteObjects: 0.171700 ms)

AssetImportParameters requested are different than current active one (requested -> active):
  custom:video-decoder-ogg-theora: a1e56fd34408186e4bbccfd4996cb3dc -> 
  custom:container-muxer-webm: aa71ff27fc2769a1b78a27578f13a17b -> 
  custom:container-demuxer-webm: 4f35f7cbe854078d1ac9338744f61a02 -> 
  custom:video-encoder-webm-vp8: eb34c28f22e8b96e1ab97ce403110664 -> 
  custom:video-codec-MediaFoundation-h265: 746d11721c4dcdbdad8f713fa42b33f4 -> 
  custom:audio-encoder-webm-vorbis: bf7c407c2cedff20999df2af8eb42d56 -> 
  custom:framework-win-MediaFoundation: 216162199b28c13a410421893ffa2e32 -> 
  custom:container-demuxer-ogg: 62fdf1f143b41e24485cea50d1cbac27 -> 
  custom:video-decoder-webm-vp8: 9c59270c3fd7afecdb556c50c9e8de78 -> 
  custom:audio-decoder-ogg-vorbis: bf7c407c2cedff20999df2af8eb42d56 -> 
========================================================================
Received Import Request.
  Time since last request: 1212802.406832 seconds.
  path: Assets/Prefabs/Avatar.prefab
  artifactKey: Guid(5245a05a33a71f742a0c8f97ea0eb8c3) Importer(815301076,1909f56bfc062723c751e8b465ee728b)
Start importing Assets/Prefabs/Avatar.prefab using Guid(5245a05a33a71f742a0c8f97ea0eb8c3) Importer(815301076,1909f56bfc062723c751e8b465ee728b)  -> (artifact id: '7e8cc2c96331231947332dac7efc4edb') in 0.172291 seconds 
========================================================================
Received Import Request.
  Time since last request: 52.218118 seconds.
  path: Assets/Prefabs/Zombie A.prefab
  artifactKey: Guid(a24f8cd695d363d4f90662349c7aa920) Importer(815301076,1909f56bfc062723c751e8b465ee728b)
Start importing Assets/Prefabs/Zombie A.prefab using Guid(a24f8cd695d363d4f90662349c7aa920) Importer(815301076,1909f56bfc062723c751e8b465ee728b)  -> (artifact id: '6a95dda50a1779dab0dd18c6ba0589b6') in 0.017617 seconds 
========================================================================
Received Import Request.
  Time since last request: 5.602450 seconds.
  path: Assets/Prefabs/Zombie B.prefab
  artifactKey: Guid(82f08eaa30ce2484688497dd8289dc36) Importer(815301076,1909f56bfc062723c751e8b465ee728b)
Start importing Assets/Prefabs/Zombie B.prefab using Guid(82f08eaa30ce2484688497dd8289dc36) Importer(815301076,1909f56bfc062723c751e8b465ee728b)  -> (artifact id: 'd5d8b70724228fb5ac295679f1deb2ba') in 0.017413 seconds 
========================================================================
Received Import Request.
  Time since last request: 12.953634 seconds.
  path: Assets/Prefabs/Zombie C.prefab
  artifactKey: Guid(d8f6b753aeaa7c845ba794bc45499c4f) Importer(815301076,1909f56bfc062723c751e8b465ee728b)
Start importing Assets/Prefabs/Zombie C.prefab using Guid(d8f6b753aeaa7c845ba794bc45499c4f) Importer(815301076,1909f56bfc062723c751e8b465ee728b)  -> (artifact id: '033523ccedd8e41b2a339114862d7c88') in 0.014879 seconds 
========================================================================
Received Import Request.
  Time since last request: 25.701160 seconds.
  path: Assets/Prefabs/Zombie A.prefab
  artifactKey: Guid(a24f8cd695d363d4f90662349c7aa920) Importer(815301076,1909f56bfc062723c751e8b465ee728b)
Start importing Assets/Prefabs/Zombie A.prefab using Guid(a24f8cd695d363d4f90662349c7aa920) Importer(815301076,1909f56bfc062723c751e8b465ee728b)  -> (artifact id: '0581af6e76280d4117916f82af5d4906') in 0.027382 seconds 
========================================================================
Received Import Request.
  Time since last request: 4.008826 seconds.
  path: Assets/Prefabs/Zombie C.prefab
  artifactKey: Guid(d8f6b753aeaa7c845ba794bc45499c4f) Importer(815301076,1909f56bfc062723c751e8b465ee728b)
Start importing Assets/Prefabs/Zombie C.prefab using Guid(d8f6b753aeaa7c845ba794bc45499c4f) Importer(815301076,1909f56bfc062723c751e8b465ee728b)  -> (artifact id: 'f9b5ccbeb00eb5394a62a256803f7f59') in 0.027573 seconds 
========================================================================
Received Import Request.
  Time since last request: 3.379324 seconds.
  path: Assets/Prefabs/Zombie B.prefab
  artifactKey: Guid(82f08eaa30ce2484688497dd8289dc36) Importer(815301076,1909f56bfc062723c751e8b465ee728b)
Start importing Assets/Prefabs/Zombie B.prefab using Guid(82f08eaa30ce2484688497dd8289dc36) Importer(815301076,1909f56bfc062723c751e8b465ee728b)  -> (artifact id: '3242d405c2ea9daefc3230512a9e6d86') in 0.020632 seconds 
========================================================================
Received Import Request.
  Time since last request: 14.055129 seconds.
  path: Assets/Prefabs/Zombie A.prefab
  artifactKey: Guid(a24f8cd695d363d4f90662349c7aa920) Importer(815301076,1909f56bfc062723c751e8b465ee728b)
Start importing Assets/Prefabs/Zombie A.prefab using Guid(a24f8cd695d363d4f90662349c7aa920) Importer(815301076,1909f56bfc062723c751e8b465ee728b)  -> (artifact id: '1197f339af90f357bcb15d38e9c8a1b2') in 0.007903 seconds 
========================================================================
Received Import Request.
  Time since last request: 0.000045 seconds.
  path: Assets/Prefabs/Zombie C.prefab
  artifactKey: Guid(d8f6b753aeaa7c845ba794bc45499c4f) Importer(815301076,1909f56bfc062723c751e8b465ee728b)
Start importing Assets/Prefabs/Zombie C.prefab using Guid(d8f6b753aeaa7c845ba794bc45499c4f) Importer(815301076,1909f56bfc062723c751e8b465ee728b)  -> (artifact id: 'ff77e8bb95586d25000ece3cf09892d5') in 0.006062 seconds 
========================================================================
Received Import Request.
  Time since last request: 4.035390 seconds.
  path: Assets/Prefabs/Zombie B.prefab
  artifactKey: Guid(82f08eaa30ce2484688497dd8289dc36) Importer(815301076,1909f56bfc062723c751e8b465ee728b)
Start importing Assets/Prefabs/Zombie B.prefab using Guid(82f08eaa30ce2484688497dd8289dc36) Importer(815301076,1909f56bfc062723c751e8b465ee728b)  -> (artifact id: '46c54e41de46b3c14a806e73fb077c26') in 0.032024 seconds 
========================================================================
Received Import Request.
  Time since last request: 3.434387 seconds.
  path: Assets/Prefabs/Zombie C.prefab
  artifactKey: Guid(d8f6b753aeaa7c845ba794bc45499c4f) Importer(815301076,1909f56bfc062723c751e8b465ee728b)
Start importing Assets/Prefabs/Zombie C.prefab using Guid(d8f6b753aeaa7c845ba794bc45499c4f) Importer(815301076,1909f56bfc062723c751e8b465ee728b)  -> (artifact id: '9464ae16ef08a7524dce9bbe14e22f62') in 0.022891 seconds 
========================================================================
Received Import Request.
  Time since last request: 1.114510 seconds.
  path: Assets/Prefabs/Zombie A.prefab
  artifactKey: Guid(a24f8cd695d363d4f90662349c7aa920) Importer(815301076,1909f56bfc062723c751e8b465ee728b)
Start importing Assets/Prefabs/Zombie A.prefab using Guid(a24f8cd695d363d4f90662349c7aa920) Importer(815301076,1909f56bfc062723c751e8b465ee728b)  -> (artifact id: '2e4a48c61bd2883e5e1ed10668810c4a') in 0.022931 seconds 
========================================================================
Received Import Request.
  Time since last request: 13.338016 seconds.
  path: Assets/Prefabs/Zombie A.prefab
  artifactKey: Guid(a24f8cd695d363d4f90662349c7aa920) Importer(815301076,1909f56bfc062723c751e8b465ee728b)
Start importing Assets/Prefabs/Zombie A.prefab using Guid(a24f8cd695d363d4f90662349c7aa920) Importer(815301076,1909f56bfc062723c751e8b465ee728b)  -> (artifact id: '550ac9086cd866e85b27752b4fe1c083') in 0.021161 seconds 
========================================================================
Received Import Request.
  Time since last request: 3.014242 seconds.
  path: Assets/Prefabs/Zombie C.prefab
  artifactKey: Guid(d8f6b753aeaa7c845ba794bc45499c4f) Importer(815301076,1909f56bfc062723c751e8b465ee728b)
Start importing Assets/Prefabs/Zombie C.prefab using Guid(d8f6b753aeaa7c845ba794bc45499c4f) Importer(815301076,1909f56bfc062723c751e8b465ee728b)  -> (artifact id: 'ac4e049399d658b423deeba2f6fc6d30') in 0.020935 seconds 
========================================================================
Received Import Request.
  Time since last request: 4.846154 seconds.
  path: Assets/Prefabs/Zombie B.prefab
  artifactKey: Guid(82f08eaa30ce2484688497dd8289dc36) Importer(815301076,1909f56bfc062723c751e8b465ee728b)
Start importing Assets/Prefabs/Zombie B.prefab using Guid(82f08eaa30ce2484688497dd8289dc36) Importer(815301076,1909f56bfc062723c751e8b465ee728b)  -> (artifact id: '5b67eb89992e3b294fcf3152be700a86') in 0.025514 seconds 
========================================================================
Received Import Request.
  Time since last request: 64.671743 seconds.
  path: Assets/Prefabs/Zombie.prefab
  artifactKey: Guid(963917fec758cf24da533f186db29a74) Importer(815301076,1909f56bfc062723c751e8b465ee728b)
Start importing Assets/Prefabs/Zombie.prefab using Guid(963917fec758cf24da533f186db29a74) Importer(815301076,1909f56bfc062723c751e8b465ee728b)  -> (artifact id: 'ddc3f938771017d739701451a309517f') in 0.021209 seconds 
========================================================================
Received Import Request.
  Time since last request: 29.981968 seconds.
  path: Assets/Prefabs/ZombieBase.prefab
  artifactKey: Guid(963917fec758cf24da533f186db29a74) Importer(815301076,1909f56bfc062723c751e8b465ee728b)
Start importing Assets/Prefabs/ZombieBase.prefab using Guid(963917fec758cf24da533f186db29a74) Importer(815301076,1909f56bfc062723c751e8b465ee728b)  -> (artifact id: '8786b87d00b603285d4dd9f3db392be3') in 0.020085 seconds 
========================================================================
Received Import Request.
  Time since last request: 48.843135 seconds.
  path: Assets/Prefabs/ZombieBase.prefab
  artifactKey: Guid(963917fec758cf24da533f186db29a74) Importer(815301076,1909f56bfc062723c751e8b465ee728b)
Start importing Assets/Prefabs/ZombieBase.prefab using Guid(963917fec758cf24da533f186db29a74) Importer(815301076,1909f56bfc062723c751e8b465ee728b)  -> (artifact id: 'b2bc690fb71378dc11e129aef144f169') in 0.016663 seconds 
========================================================================
Received Import Request.
  Time since last request: 16.454432 seconds.
  path: Assets/Animated Character 1/Skins/Materials/survivorFemaleA.mat
  artifactKey: Guid(c166f76907f26df4885cb5b1206d5c62) Importer(815301076,1909f56bfc062723c751e8b465ee728b)
Start importing Assets/Animated Character 1/Skins/Materials/survivorFemaleA.mat using Guid(c166f76907f26df4885cb5b1206d5c62) Importer(815301076,1909f56bfc062723c751e8b465ee728b)  -> (artifact id: '6b730ff0785ba1a8c69d1a321a9859ec') in 0.041818 seconds 
========================================================================
Received Import Request.
  Time since last request: 0.000028 seconds.
  path: Assets/Animated Character 1/Skins/Materials/zombieC.mat
  artifactKey: Guid(566cd8930f96af841b12274296b63165) Importer(815301076,1909f56bfc062723c751e8b465ee728b)
Start importing Assets/Animated Character 1/Skins/Materials/zombieC.mat using Guid(566cd8930f96af841b12274296b63165) Importer(815301076,1909f56bfc062723c751e8b465ee728b)  -> (artifact id: '05d7e23a2ce6b68bb8816886826e1cf8') in 0.015653 seconds 
========================================================================
Received Import Request.
  Time since last request: 64.447582 seconds.
  path: Assets/Prefabs/Zombie C.prefab
  artifactKey: Guid(d8f6b753aeaa7c845ba794bc45499c4f) Importer(815301076,1909f56bfc062723c751e8b465ee728b)
Start importing Assets/Prefabs/Zombie C.prefab using Guid(d8f6b753aeaa7c845ba794bc45499c4f) Importer(815301076,1909f56bfc062723c751e8b465ee728b)  -> (artifact id: 'cf70389fdb1ef5831f48280a09852765') in 0.019207 seconds 
========================================================================
Received Import Request.
  Time since last request: 43.212705 seconds.
  path: Assets/Prefabs/Zombie B.prefab
  artifactKey: Guid(82f08eaa30ce2484688497dd8289dc36) Importer(815301076,1909f56bfc062723c751e8b465ee728b)
Start importing Assets/Prefabs/Zombie B.prefab using Guid(82f08eaa30ce2484688497dd8289dc36) Importer(815301076,1909f56bfc062723c751e8b465ee728b)  -> (artifact id: 'a8b3bd94580010afddb0656584efa417') in 0.020247 seconds 
========================================================================
Received Import Request.
  Time since last request: 12.764449 seconds.
  path: Assets/Prefabs/Zombie A.prefab
  artifactKey: Guid(a24f8cd695d363d4f90662349c7aa920) Importer(815301076,1909f56bfc062723c751e8b465ee728b)
Start importing Assets/Prefabs/Zombie A.prefab using Guid(a24f8cd695d363d4f90662349c7aa920) Importer(815301076,1909f56bfc062723c751e8b465ee728b)  -> (artifact id: '31feac591c6c34d7d0c949ac3a323329') in 0.020247 seconds 
========================================================================
Received Import Request.
  Time since last request: 37.751405 seconds.
  path: Assets/Prefabs/Zombie B.prefab
  artifactKey: Guid(82f08eaa30ce2484688497dd8289dc36) Importer(815301076,1909f56bfc062723c751e8b465ee728b)
Start importing Assets/Prefabs/Zombie B.prefab using Guid(82f08eaa30ce2484688497dd8289dc36) Importer(815301076,1909f56bfc062723c751e8b465ee728b)  -> (artifact id: '6fad96b6ae9ae9712c0795b9435e50a2') in 0.017747 seconds 
========================================================================
Received Import Request.
  Time since last request: 125.143563 seconds.
  path: Assets/Animated Character 1/Models/characterMedium.fbx
  artifactKey: Guid(d6a7a0dec35d41240be230c837161767) Importer(815301076,1909f56bfc062723c751e8b465ee728b)
Start importing Assets/Animated Character 1/Models/characterMedium.fbx using Guid(d6a7a0dec35d41240be230c837161767) Importer(815301076,1909f56bfc062723c751e8b465ee728b)  -> (artifact id: '83fe491634e26f559a5c5cb5c9f860b4') in 0.061701 seconds 
========================================================================
Received Import Request.
  Time since last request: 5.990863 seconds.
  path: Assets/Animated Character 1/Skins/Materials
  artifactKey: Guid(10cf4eab0e8a0384bbc38ea4d338b700) Importer(815301076,1909f56bfc062723c751e8b465ee728b)
Start importing Assets/Animated Character 1/Skins/Materials using Guid(10cf4eab0e8a0384bbc38ea4d338b700) Importer(815301076,1909f56bfc062723c751e8b465ee728b)  -> (artifact id: '4cac3b6591abca181d0c5d33d7b382d8') in 0.009399 seconds 
========================================================================
Received Prepare
Registering precompiled user dll's ...
Registered in 0.014654 seconds.
Begin MonoManager ReloadAssembly
Symbol file LoadedFromMemory doesn't match image C:\Users\jigna\Coderhouse\Clase 1\Library\PackageCache\com.unity.visualscripting@1.7.8\Editor\VisualScripting.Core\Dependencies\YamlDotNet\Unity.VisualScripting.YamlDotNet.dll
Symbol file LoadedFromMemory doesn't match image C:\Users\jigna\Coderhouse\Clase 1\Library\PackageCache\com.unity.visualscripting@1.7.8\Editor\VisualScripting.Core\Dependencies\DotNetZip\Unity.VisualScripting.IonicZip.dll
Native extension for WindowsStandalone target not found
Native extension for WebGL target not found
Refreshing native plugins compatible for Editor in 1.31 ms, found 3 plugins.
Preloading 0 native plugins for Editor in 0.00 ms.
Mono: successfully reloaded assembly
- Completed reload, in  1.489 seconds
Domain Reload Profiling:
	ReloadAssembly (1490ms)
		BeginReloadAssembly (211ms)
			ExecutionOrderSort (0ms)
			DisableScriptedObjects (6ms)
			BackupInstance (0ms)
			ReleaseScriptingObjects (0ms)
			CreateAndSetChildDomain (68ms)
		EndReloadAssembly (1142ms)
			LoadAssemblies (135ms)
			RebuildTransferFunctionScriptingTraits (0ms)
			SetupTypeCache (376ms)
			ReleaseScriptCaches (2ms)
			RebuildScriptCaches (69ms)
			SetupLoadedEditorAssemblies (512ms)
				LogAssemblyErrors (0ms)
				InitializePlatformSupportModulesInManaged (20ms)
				SetLoadedEditorAssemblies (1ms)
				RefreshPlugins (1ms)
				BeforeProcessingInitializeOnLoad (96ms)
				ProcessInitializeOnLoadAttributes (339ms)
				ProcessInitializeOnLoadMethodAttributes (42ms)
				AfterProcessingInitializeOnLoad (11ms)
				EditorAssembliesLoaded (0ms)
			ExecutionOrderSort2 (0ms)
			AwakeInstancesAfterBackupRestoration (9ms)
Platform modules already initialized, skipping
Refreshing native plugins compatible for Editor in 3.96 ms, found 3 plugins.
Preloading 0 native plugins for Editor in 0.00 ms.
Unloading 3527 Unused Serialized files (Serialized files now loaded: 0)
Unloading 22 unused Assets / (149.3 KB). Loaded Objects now: 4064.
Memory consumption went from 152.1 MB to 152.0 MB.
Total: 5.986700 ms (FindLiveObjects: 0.500300 ms CreateObjectMapping: 0.545100 ms MarkObjects: 4.736100 ms  DeleteObjects: 0.203500 ms)

AssetImportParameters requested are different than current active one (requested -> active):
  custom:video-decoder-ogg-theora: a1e56fd34408186e4bbccfd4996cb3dc -> 
  custom:container-muxer-webm: aa71ff27fc2769a1b78a27578f13a17b -> 
  custom:container-demuxer-webm: 4f35f7cbe854078d1ac9338744f61a02 -> 
  custom:video-encoder-webm-vp8: eb34c28f22e8b96e1ab97ce403110664 -> 
  custom:video-codec-MediaFoundation-h265: 746d11721c4dcdbdad8f713fa42b33f4 -> 
  custom:audio-encoder-webm-vorbis: bf7c407c2cedff20999df2af8eb42d56 -> 
  custom:framework-win-MediaFoundation: 216162199b28c13a410421893ffa2e32 -> 
  custom:container-demuxer-ogg: 62fdf1f143b41e24485cea50d1cbac27 -> 
  custom:video-decoder-webm-vp8: 9c59270c3fd7afecdb556c50c9e8de78 -> 
  custom:audio-decoder-ogg-vorbis: bf7c407c2cedff20999df2af8eb42d56 -> 
========================================================================
Received Import Request.
  Time since last request: 40.099276 seconds.
  path: Assets/Prefabs/Zombie B.prefab
  artifactKey: Guid(82f08eaa30ce2484688497dd8289dc36) Importer(815301076,1909f56bfc062723c751e8b465ee728b)
Start importing Assets/Prefabs/Zombie B.prefab using Guid(82f08eaa30ce2484688497dd8289dc36) Importer(815301076,1909f56bfc062723c751e8b465ee728b)  -> (artifact id: 'f37dfe2d148c712af43af651a1c88331') in 0.101476 seconds 
========================================================================
Received Prepare
Registering precompiled user dll's ...
Registered in 0.008865 seconds.
Begin MonoManager ReloadAssembly
Symbol file LoadedFromMemory doesn't match image C:\Users\jigna\Coderhouse\Clase 1\Library\PackageCache\com.unity.visualscripting@1.7.8\Editor\VisualScripting.Core\Dependencies\YamlDotNet\Unity.VisualScripting.YamlDotNet.dll
Symbol file LoadedFromMemory doesn't match image C:\Users\jigna\Coderhouse\Clase 1\Library\PackageCache\com.unity.visualscripting@1.7.8\Editor\VisualScripting.Core\Dependencies\DotNetZip\Unity.VisualScripting.IonicZip.dll
Native extension for WindowsStandalone target not found
Native extension for WebGL target not found
Refreshing native plugins compatible for Editor in 1.35 ms, found 3 plugins.
Preloading 0 native plugins for Editor in 0.00 ms.
Mono: successfully reloaded assembly
- Completed reload, in  1.419 seconds
Domain Reload Profiling:
	ReloadAssembly (1420ms)
		BeginReloadAssembly (196ms)
			ExecutionOrderSort (0ms)
			DisableScriptedObjects (6ms)
			BackupInstance (0ms)
			ReleaseScriptingObjects (0ms)
			CreateAndSetChildDomain (62ms)
		EndReloadAssembly (1095ms)
			LoadAssemblies (126ms)
			RebuildTransferFunctionScriptingTraits (0ms)
			SetupTypeCache (361ms)
			ReleaseScriptCaches (3ms)
			RebuildScriptCaches (65ms)
			SetupLoadedEditorAssemblies (490ms)
				LogAssemblyErrors (0ms)
				InitializePlatformSupportModulesInManaged (21ms)
				SetLoadedEditorAssemblies (1ms)
				RefreshPlugins (1ms)
				BeforeProcessingInitializeOnLoad (92ms)
				ProcessInitializeOnLoadAttributes (321ms)
				ProcessInitializeOnLoadMethodAttributes (43ms)
				AfterProcessingInitializeOnLoad (11ms)
				EditorAssembliesLoaded (0ms)
			ExecutionOrderSort2 (0ms)
			AwakeInstancesAfterBackupRestoration (7ms)
Platform modules already initialized, skipping
Refreshing native plugins compatible for Editor in 4.03 ms, found 3 plugins.
Preloading 0 native plugins for Editor in 0.00 ms.
Unloading 3527 Unused Serialized files (Serialized files now loaded: 0)
Unloading 22 unused Assets / (149.4 KB). Loaded Objects now: 4079.
Memory consumption went from 152.2 MB to 152.0 MB.
Total: 5.399400 ms (FindLiveObjects: 0.612200 ms CreateObjectMapping: 0.271100 ms MarkObjects: 4.348200 ms  DeleteObjects: 0.165700 ms)

AssetImportParameters requested are different than current active one (requested -> active):
  custom:video-decoder-ogg-theora: a1e56fd34408186e4bbccfd4996cb3dc -> 
  custom:container-muxer-webm: aa71ff27fc2769a1b78a27578f13a17b -> 
  custom:container-demuxer-webm: 4f35f7cbe854078d1ac9338744f61a02 -> 
  custom:video-encoder-webm-vp8: eb34c28f22e8b96e1ab97ce403110664 -> 
  custom:video-codec-MediaFoundation-h265: 746d11721c4dcdbdad8f713fa42b33f4 -> 
  custom:audio-encoder-webm-vorbis: bf7c407c2cedff20999df2af8eb42d56 -> 
  custom:framework-win-MediaFoundation: 216162199b28c13a410421893ffa2e32 -> 
  custom:container-demuxer-ogg: 62fdf1f143b41e24485cea50d1cbac27 -> 
  custom:video-decoder-webm-vp8: 9c59270c3fd7afecdb556c50c9e8de78 -> 
  custom:audio-decoder-ogg-vorbis: bf7c407c2cedff20999df2af8eb42d56 -> 
========================================================================
Received Prepare
Registering precompiled user dll's ...
Registered in 0.006644 seconds.
Begin MonoManager ReloadAssembly
Symbol file LoadedFromMemory doesn't match image C:\Users\jigna\Coderhouse\Clase 1\Library\PackageCache\com.unity.visualscripting@1.7.8\Editor\VisualScripting.Core\Dependencies\YamlDotNet\Unity.VisualScripting.YamlDotNet.dll
Symbol file LoadedFromMemory doesn't match image C:\Users\jigna\Coderhouse\Clase 1\Library\PackageCache\com.unity.visualscripting@1.7.8\Editor\VisualScripting.Core\Dependencies\DotNetZip\Unity.VisualScripting.IonicZip.dll
Native extension for WindowsStandalone target not found
Native extension for WebGL target not found
Refreshing native plugins compatible for Editor in 0.68 ms, found 3 plugins.
Preloading 0 native plugins for Editor in 0.00 ms.
Mono: successfully reloaded assembly
- Completed reload, in  1.567 seconds
Domain Reload Profiling:
	ReloadAssembly (1569ms)
		BeginReloadAssembly (207ms)
			ExecutionOrderSort (0ms)
			DisableScriptedObjects (8ms)
			BackupInstance (0ms)
			ReleaseScriptingObjects (0ms)
			CreateAndSetChildDomain (60ms)
		EndReloadAssembly (1218ms)
			LoadAssemblies (141ms)
			RebuildTransferFunctionScriptingTraits (0ms)
			SetupTypeCache (401ms)
			ReleaseScriptCaches (3ms)
			RebuildScriptCaches (75ms)
			SetupLoadedEditorAssemblies (545ms)
				LogAssemblyErrors (0ms)
				InitializePlatformSupportModulesInManaged (23ms)
				SetLoadedEditorAssemblies (1ms)
				RefreshPlugins (1ms)
				BeforeProcessingInitializeOnLoad (99ms)
				ProcessInitializeOnLoadAttributes (358ms)
				ProcessInitializeOnLoadMethodAttributes (52ms)
				AfterProcessingInitializeOnLoad (12ms)
				EditorAssembliesLoaded (0ms)
			ExecutionOrderSort2 (0ms)
			AwakeInstancesAfterBackupRestoration (7ms)
Platform modules already initialized, skipping
Refreshing native plugins compatible for Editor in 4.75 ms, found 3 plugins.
Preloading 0 native plugins for Editor in 0.00 ms.
Unloading 3527 Unused Serialized files (Serialized files now loaded: 0)
Unloading 22 unused Assets / (149.4 KB). Loaded Objects now: 4094.
Memory consumption went from 152.2 MB to 152.0 MB.
Total: 5.953600 ms (FindLiveObjects: 0.445900 ms CreateObjectMapping: 0.289200 ms MarkObjects: 5.004500 ms  DeleteObjects: 0.211900 ms)

AssetImportParameters requested are different than current active one (requested -> active):
  custom:video-decoder-ogg-theora: a1e56fd34408186e4bbccfd4996cb3dc -> 
  custom:container-muxer-webm: aa71ff27fc2769a1b78a27578f13a17b -> 
  custom:container-demuxer-webm: 4f35f7cbe854078d1ac9338744f61a02 -> 
  custom:video-encoder-webm-vp8: eb34c28f22e8b96e1ab97ce403110664 -> 
  custom:video-codec-MediaFoundation-h265: 746d11721c4dcdbdad8f713fa42b33f4 -> 
  custom:audio-encoder-webm-vorbis: bf7c407c2cedff20999df2af8eb42d56 -> 
  custom:framework-win-MediaFoundation: 216162199b28c13a410421893ffa2e32 -> 
  custom:container-demuxer-ogg: 62fdf1f143b41e24485cea50d1cbac27 -> 
  custom:video-decoder-webm-vp8: 9c59270c3fd7afecdb556c50c9e8de78 -> 
  custom:audio-decoder-ogg-vorbis: bf7c407c2cedff20999df2af8eb42d56 -> 
========================================================================
Received Import Request.
  Time since last request: 6671.291352 seconds.
  path: Assets/Scenes/Level1.unity
  artifactKey: Guid(9fc0d4010bbf28b4594072e72b8655ab) Importer(815301076,1909f56bfc062723c751e8b465ee728b)
Start importing Assets/Scenes/Level1.unity using Guid(9fc0d4010bbf28b4594072e72b8655ab) Importer(815301076,1909f56bfc062723c751e8b465ee728b)  -> (artifact id: '25d6e91e63d25cd2a317edfca9862999') in 0.024802 seconds 
========================================================================
Received Import Request.
  Time since last request: 0.342592 seconds.
  path: Assets/Scripts/Enemy.cs
  artifactKey: Guid(666b2c4e26217a04bbe7f8bdf2cee0c3) Importer(815301076,1909f56bfc062723c751e8b465ee728b)
Start importing Assets/Scripts/Enemy.cs using Guid(666b2c4e26217a04bbe7f8bdf2cee0c3) Importer(815301076,1909f56bfc062723c751e8b465ee728b)  -> (artifact id: '1b955d8f1a8e45acbafe7116c565a553') in 0.010037 seconds 
